<?xml version="1.0" encoding="UTF-8"?>
<!-- Generated by org.testng.reporters.JUnitReportReporter -->
<testsuite hostname="DESKTOP-38EP2BP" failures="0" tests="1" name="TestCases.geewizTestCase" time="21.685" errors="0" timestamp="2021-07-19T19:26:12 SAST" skipped="0">
  <testcase classname="TestCases.geewizTestCase" name="test1" time="21.685"/>
  <system-out>
    <![CDATA[<a href='C:\Users\joshs\git\my-app\target\surefire-reports-20210706135403\images\onTestStart192546.png'> <img src='C:\Users\joshs\git\my-app\target\surefire-reports-20210706135403\images\onTestStart192546.png' height='200' width='200'/> </a>
<a href='C:\Users\joshs\git\my-app\target\surefire-reports-20210706135403\images\onTestSuccess192608.png'> <img src='C:\Users\joshs\git\my-app\target\surefire-reports-20210706135403\images\onTestSuccess192608.png' height='200' width='200'/> </a>]]>
  </system-out>
</testsuite> <!-- TestCases.geewizTestCase -->
